#
# There is insufficient memory for the Java Runtime Environment to continue.
# Native memory allocation (malloc) failed to allocate 712496 bytes for Chunk::new
# Possible reasons:
#   The system is out of physical RAM or swap space
#   The process is running with CompressedOops enabled, and the Java Heap may be blocking the growth of the native heap
# Possible solutions:
#   Reduce memory load on the system
#   Increase physical memory or swap space
#   Check if swap backing store is full
#   Decrease Java heap size (-Xmx/-Xms)
#   Decrease number of Java threads
#   Decrease Java thread stack sizes (-Xss)
#   Set larger code cache with -XX:ReservedCodeCacheSize=
#   JVM is running with Zero Based Compressed Oops mode in which the Java heap is
#     placed in the first 32GB address space. The Java Heap base address is the
#     maximum limit for the native heap growth. Please use -XX:HeapBaseMinAddress
#     to set the Java Heap base and to place the Java Heap above 32GB virtual address.
# This output file may be truncated or incomplete.
#
#  Out of Memory Error (allocation.cpp:389), pid=7364, tid=0x0000000000007a3c
#
# JRE version: Java(TM) SE Runtime Environment (8.0_271-b09) (build 1.8.0_271-b09)
# Java VM: Java HotSpot(TM) 64-Bit Server VM (25.271-b09 mixed mode windows-amd64 compressed oops)
# Failed to write core dump. Minidumps are not enabled by default on client versions of Windows
#

---------------  T H R E A D  ---------------

Current thread (0x00000213fba22000):  JavaThread "C2 CompilerThread0" daemon [_thread_in_native, id=31292, stack(0x000000acef800000,0x000000acef900000)]

Stack: [0x000000acef800000,0x000000acef900000]
Native frames: (J=compiled Java code, j=interpreted, Vv=VM code, C=native code)
V  [jvm.dll+0x33f6c9]
V  [jvm.dll+0x286122]
V  [jvm.dll+0x286dcd]
V  [jvm.dll+0x27d805]
V  [jvm.dll+0xe574c]
V  [jvm.dll+0xe5f4c]
V  [jvm.dll+0x462b72]
V  [jvm.dll+0x49df9d]
V  [jvm.dll+0x452684]
V  [jvm.dll+0x44feb4]
V  [jvm.dll+0x43aef7]
V  [jvm.dll+0xbc3eb]
V  [jvm.dll+0xbaa4b]
V  [jvm.dll+0x24e7c2]
V  [jvm.dll+0x2a2dcc]
C  [ucrtbase.dll+0x21bb2]
C  [KERNEL32.DLL+0x17034]
C  [ntdll.dll+0x52651]


Current CompileTask:
C2:   4449 4291       4       com.sun.tools.javac.file.ZipFileIndex$ZipDirectory::readEntry (587 bytes)


---------------  P R O C E S S  ---------------

Java Threads: ( => current thread )
  0x00000213fba5d800 JavaThread "Service Thread" daemon [_thread_blocked, id=29960, stack(0x000000acefb00000,0x000000acefc00000)]
  0x00000213fba2c800 JavaThread "C1 CompilerThread2" daemon [_thread_blocked, id=27556, stack(0x000000acefa00000,0x000000acefb00000)]
  0x00000213fba25800 JavaThread "C2 CompilerThread1" daemon [_thread_in_native, id=26732, stack(0x000000acef900000,0x000000acefa00000)]
=>0x00000213fba22000 JavaThread "C2 CompilerThread0" daemon [_thread_in_native, id=31292, stack(0x000000acef800000,0x000000acef900000)]
  0x00000213fba10000 JavaThread "Monitor Ctrl-Break" daemon [_thread_in_native, id=36620, stack(0x000000acef700000,0x000000acef800000)]
  0x00000213fb99a000 JavaThread "Attach Listener" daemon [_thread_blocked, id=41224, stack(0x000000acef600000,0x000000acef700000)]
  0x00000213fb9f1000 JavaThread "Signal Dispatcher" daemon [_thread_blocked, id=28332, stack(0x000000acef500000,0x000000acef600000)]
  0x00000213fb96f000 JavaThread "Finalizer" daemon [_thread_blocked, id=10692, stack(0x000000acef400000,0x000000acef500000)]
  0x00000213fb966800 JavaThread "Reference Handler" daemon [_thread_blocked, id=30260, stack(0x000000acef300000,0x000000acef400000)]
  0x00000213f74d6800 JavaThread "main" [_thread_in_Java, id=39140, stack(0x000000aceeb00000,0x000000aceec00000)]

Other Threads:
  0x00000213fafbd800 VMThread [stack: 0x000000acef200000,0x000000acef300000] [id=45452]
  0x00000213fba5e800 WatcherThread [stack: 0x000000acefc00000,0x000000acefd00000] [id=53492]

VM state:not at safepoint (normal execution)

VM Mutex/Monitor currently owned by a thread: None

heap address: 0x00000006ca000000, size: 3936 MB, Compressed Oops mode: Zero based, Oop shift amount: 3
Narrow klass base: 0x0000000000000000, Narrow klass shift: 3
Compressed class space size: 1073741824 Address: 0x00000007c0000000

Heap:
 PSYoungGen      total 119808K, used 22899K [0x000000076e000000, 0x0000000777900000, 0x00000007c0000000)
  eden space 96256K, 23% used [0x000000076e000000,0x000000076f65cf60,0x0000000773e00000)
  from space 23552K, 0% used [0x0000000776200000,0x0000000776200000,0x0000000777900000)
  to   space 30208K, 0% used [0x0000000773e00000,0x0000000773e00000,0x0000000775b80000)
 ParOldGen       total 125952K, used 28398K [0x00000006ca000000, 0x00000006d1b00000, 0x000000076e000000)
  object space 125952K, 22% used [0x00000006ca000000,0x00000006cbbbb950,0x00000006d1b00000)
 Metaspace       used 24732K, capacity 25416K, committed 25600K, reserved 1073152K
  class space    used 2856K, capacity 3029K, committed 3072K, reserved 1048576K

Card table byte_map: [0x00000213f91e0000,0x00000213f99a0000] byte_map_base: 0x00000213f5b90000

Marking Bits: (ParMarkBitMap*) 0x0000000072ed7fe0
 Begin Bits: [0x000002138f000000, 0x0000021392d80000)
 End Bits:   [0x0000021392d80000, 0x0000021396b00000)

Polling page: 0x00000213f8df0000

CodeCache: size=245760Kb used=15928Kb max_used=15928Kb free=229831Kb
 bounds [0x0000021380000000, 0x0000021380fa0000, 0x000002138f000000]
 total_blobs=4758 nmethods=4336 adapters=335
 compilation: enabled

Compilation events (10 events):
Event: 4.419 Thread 0x00000213fba2c800 4331       3       com.sun.tools.javac.file.Locations::getHandler (23 bytes)
Event: 4.419 Thread 0x00000213fba2c800 nmethod 4331 0x0000021380f6f990 code [0x0000021380f6fb20, 0x0000021380f6ff20]
Event: 4.420 Thread 0x00000213fba2c800 4333       3       com.sun.tools.javac.code.Scope$Entry::<init> (26 bytes)
Event: 4.421 Thread 0x00000213fba2c800 nmethod 4333 0x0000021380f70050 code [0x0000021380f701a0, 0x0000021380f703b8]
Event: 4.421 Thread 0x00000213fba2c800 4334       3       com.sun.tools.javac.code.Scope::enter (9 bytes)
Event: 4.421 Thread 0x00000213fba2c800 nmethod 4334 0x0000021380f70490 code [0x0000021380f70600, 0x0000021380f70830]
Event: 4.421 Thread 0x00000213fba2c800 4335       3       com.sun.tools.javac.code.Scope::enter (145 bytes)
Event: 4.421 Thread 0x00000213fba2c800 nmethod 4335 0x0000021380f708d0 code [0x0000021380f70ae0, 0x0000021380f716b0]
Event: 4.427 Thread 0x00000213fba2c800 4336       3       com.sun.tools.javac.code.Symbol$TypeSymbol::formFullName (81 bytes)
Event: 4.428 Thread 0x00000213fba2c800 nmethod 4336 0x0000021380f71c90 code [0x0000021380f71e40, 0x0000021380f72510]

GC Heap History (10 events):
Event: 3.760 GC heap before
{Heap before GC invocations=8 (full 0):
 PSYoungGen      total 73728K, used 69088K [0x000000076e000000, 0x0000000773200000, 0x00000007c0000000)
  eden space 63488K, 100% used [0x000000076e000000,0x0000000771e00000,0x0000000771e00000)
  from space 10240K, 54% used [0x0000000771e00000,0x0000000772378020,0x0000000772800000)
  to   space 10240K, 0% used [0x0000000772800000,0x0000000772800000,0x0000000773200000)
 ParOldGen       total 167936K, used 73418K [0x00000006ca000000, 0x00000006d4400000, 0x000000076e000000)
  object space 167936K, 43% used [0x00000006ca000000,0x00000006ce7b2bf0,0x00000006d4400000)
 Metaspace       used 20046K, capacity 20642K, committed 20992K, reserved 1067008K
  class space    used 2270K, capacity 2436K, committed 2560K, reserved 1048576K
Event: 3.764 GC heap after
Heap after GC invocations=8 (full 0):
 PSYoungGen      total 73728K, used 3168K [0x000000076e000000, 0x0000000773200000, 0x00000007c0000000)
  eden space 63488K, 0% used [0x000000076e000000,0x000000076e000000,0x0000000771e00000)
  from space 10240K, 30% used [0x0000000772800000,0x0000000772b18000,0x0000000773200000)
  to   space 10240K, 0% used [0x0000000771e00000,0x0000000771e00000,0x0000000772800000)
 ParOldGen       total 167936K, used 75880K [0x00000006ca000000, 0x00000006d4400000, 0x000000076e000000)
  object space 167936K, 45% used [0x00000006ca000000,0x00000006cea1a2a0,0x00000006d4400000)
 Metaspace       used 20046K, capacity 20642K, committed 20992K, reserved 1067008K
  class space    used 2270K, capacity 2436K, committed 2560K, reserved 1048576K
}
Event: 3.933 GC heap before
{Heap before GC invocations=9 (full 0):
 PSYoungGen      total 73728K, used 18306K [0x000000076e000000, 0x0000000773200000, 0x00000007c0000000)
  eden space 63488K, 23% used [0x000000076e000000,0x000000076eec8a48,0x0000000771e00000)
  from space 10240K, 30% used [0x0000000772800000,0x0000000772b18000,0x0000000773200000)
  to   space 10240K, 0% used [0x0000000771e00000,0x0000000771e00000,0x0000000772800000)
 ParOldGen       total 167936K, used 75880K [0x00000006ca000000, 0x00000006d4400000, 0x000000076e000000)
  object space 167936K, 45% used [0x00000006ca000000,0x00000006cea1a2a0,0x00000006d4400000)
 Metaspace       used 20513K, capacity 21076K, committed 21248K, reserved 1069056K
  class space    used 2306K, capacity 2477K, committed 2560K, reserved 1048576K
Event: 3.936 GC heap after
Heap after GC invocations=9 (full 0):
 PSYoungGen      total 73728K, used 1275K [0x000000076e000000, 0x0000000778080000, 0x00000007c0000000)
  eden space 63488K, 0% used [0x000000076e000000,0x000000076e000000,0x0000000771e00000)
  from space 10240K, 12% used [0x0000000771e00000,0x0000000771f3eea8,0x0000000772800000)
  to   space 31232K, 0% used [0x0000000776200000,0x0000000776200000,0x0000000778080000)
 ParOldGen       total 167936K, used 78871K [0x00000006ca000000, 0x00000006d4400000, 0x000000076e000000)
  object space 167936K, 46% used [0x00000006ca000000,0x00000006ced05fa8,0x00000006d4400000)
 Metaspace       used 20513K, capacity 21076K, committed 21248K, reserved 1069056K
  class space    used 2306K, capacity 2477K, committed 2560K, reserved 1048576K
}
Event: 3.936 GC heap before
{Heap before GC invocations=10 (full 1):
 PSYoungGen      total 73728K, used 1275K [0x000000076e000000, 0x0000000778080000, 0x00000007c0000000)
  eden space 63488K, 0% used [0x000000076e000000,0x000000076e000000,0x0000000771e00000)
  from space 10240K, 12% used [0x0000000771e00000,0x0000000771f3eea8,0x0000000772800000)
  to   space 31232K, 0% used [0x0000000776200000,0x0000000776200000,0x0000000778080000)
 ParOldGen       total 167936K, used 78871K [0x00000006ca000000, 0x00000006d4400000, 0x000000076e000000)
  object space 167936K, 46% used [0x00000006ca000000,0x00000006ced05fa8,0x00000006d4400000)
 Metaspace       used 20513K, capacity 21076K, committed 21248K, reserved 1069056K
  class space    used 2306K, capacity 2477K, committed 2560K, reserved 1048576K
Event: 3.998 GC heap after
Heap after GC invocations=10 (full 1):
 PSYoungGen      total 73728K, used 0K [0x000000076e000000, 0x0000000778080000, 0x00000007c0000000)
  eden space 63488K, 0% used [0x000000076e000000,0x000000076e000000,0x0000000771e00000)
  from space 10240K, 0% used [0x0000000771e00000,0x0000000771e00000,0x0000000772800000)
  to   space 31232K, 0% used [0x0000000776200000,0x0000000776200000,0x0000000778080000)
 ParOldGen       total 125952K, used 24527K [0x00000006ca000000, 0x00000006d1b00000, 0x000000076e000000)
  object space 125952K, 19% used [0x00000006ca000000,0x00000006cb7f3c78,0x00000006d1b00000)
 Metaspace       used 20513K, capacity 21076K, committed 21248K, reserved 1069056K
  class space    used 2306K, capacity 2477K, committed 2560K, reserved 1048576K
}
Event: 4.236 GC heap before
{Heap before GC invocations=11 (full 1):
 PSYoungGen      total 73728K, used 32819K [0x000000076e000000, 0x0000000778080000, 0x00000007c0000000)
  eden space 63488K, 51% used [0x000000076e000000,0x000000077000cc80,0x0000000771e00000)
  from space 10240K, 0% used [0x0000000771e00000,0x0000000771e00000,0x0000000772800000)
  to   space 31232K, 0% used [0x0000000776200000,0x0000000776200000,0x0000000778080000)
 ParOldGen       total 125952K, used 24527K [0x00000006ca000000, 0x00000006d1b00000, 0x000000076e000000)
  object space 125952K, 19% used [0x00000006ca000000,0x00000006cb7f3c78,0x00000006d1b00000)
 Metaspace       used 24283K, capacity 24936K, committed 25088K, reserved 1075200K
  class space    used 2814K, capacity 2997K, committed 3072K, reserved 1048576K
Event: 4.244 GC heap after
Heap after GC invocations=11 (full 1):
 PSYoungGen      total 119808K, used 5603K [0x000000076e000000, 0x0000000777900000, 0x00000007c0000000)
  eden space 96256K, 0% used [0x000000076e000000,0x000000076e000000,0x0000000773e00000)
  from space 23552K, 23% used [0x0000000776200000,0x0000000776778f58,0x0000000777900000)
  to   space 30208K, 0% used [0x0000000773e00000,0x0000000773e00000,0x0000000775b80000)
 ParOldGen       total 125952K, used 24535K [0x00000006ca000000, 0x00000006d1b00000, 0x000000076e000000)
  object space 125952K, 19% used [0x00000006ca000000,0x00000006cb7f5c78,0x00000006d1b00000)
 Metaspace       used 24283K, capacity 24936K, committed 25088K, reserved 1075200K
  class space    used 2814K, capacity 2997K, committed 3072K, reserved 1048576K
}
Event: 4.244 GC heap before
{Heap before GC invocations=12 (full 2):
 PSYoungGen      total 119808K, used 5603K [0x000000076e000000, 0x0000000777900000, 0x00000007c0000000)
  eden space 96256K, 0% used [0x000000076e000000,0x000000076e000000,0x0000000773e00000)
  from space 23552K, 23% used [0x0000000776200000,0x0000000776778f58,0x0000000777900000)
  to   space 30208K, 0% used [0x0000000773e00000,0x0000000773e00000,0x0000000775b80000)
 ParOldGen       total 125952K, used 24535K [0x00000006ca000000, 0x00000006d1b00000, 0x000000076e000000)
  object space 125952K, 19% used [0x00000006ca000000,0x00000006cb7f5c78,0x00000006d1b00000)
 Metaspace       used 24283K, capacity 24936K, committed 25088K, reserved 1075200K
  class space    used 2814K, capacity 2997K, committed 3072K, reserved 1048576K
Event: 4.301 GC heap after
Heap after GC invocations=12 (full 2):
 PSYoungGen      total 119808K, used 0K [0x000000076e000000, 0x0000000777900000, 0x00000007c0000000)
  eden space 96256K, 0% used [0x000000076e000000,0x000000076e000000,0x0000000773e00000)
  from space 23552K, 0% used [0x0000000776200000,0x0000000776200000,0x0000000777900000)
  to   space 30208K, 0% used [0x0000000773e00000,0x0000000773e00000,0x0000000775b80000)
 ParOldGen       total 125952K, used 28398K [0x00000006ca000000, 0x00000006d1b00000, 0x000000076e000000)
  object space 125952K, 22% used [0x00000006ca000000,0x00000006cbbbb950,0x00000006d1b00000)
 Metaspace       used 24283K, capacity 24936K, committed 25088K, reserved 1073152K
  class space    used 2814K, capacity 2997K, committed 3072K, reserved 1048576K
}

Deoptimization events (10 events):
Event: 3.652 Thread 0x00000213f74d6800 Uncommon trap: reason=unstable_if action=reinterpret pc=0x000002138072df1c method=java.lang.ClassLoader.getPackage(Ljava/lang/String;)Ljava/lang/Package; @ 60
Event: 3.907 Thread 0x00000213f74d6800 Uncommon trap: reason=predicate action=maybe_recompile pc=0x0000021380ee9f58 method=java.util.TimSort.binarySort([Ljava/lang/Object;IIILjava/util/Comparator;)V @ 37
Event: 4.158 Thread 0x00000213f74d6800 Uncommon trap: reason=range_check action=make_not_entrant pc=0x0000021380c5636c method=java.lang.String.charAt(I)C @ 27
Event: 4.189 Thread 0x00000213f74d6800 Uncommon trap: reason=unstable_if action=reinterpret pc=0x0000021380b7099c method=java.util.jar.Attributes$Name.isDigit(C)Z @ 3
Event: 4.220 Thread 0x00000213f74d6800 Uncommon trap: reason=unstable_if action=reinterpret pc=0x0000021380dced28 method=java.io.WinNTFileSystem.parentOrNull(Ljava/lang/String;)Ljava/lang/String; @ 62
Event: 4.228 Thread 0x00000213f74d6800 Uncommon trap: reason=unstable_if action=reinterpret pc=0x000002138077ec3c method=sun.misc.URLClassPath$JarLoader.getResource(Ljava/lang/String;Z)Lsun/misc/Resource; @ 62
Event: 4.234 Thread 0x00000213f74d6800 Uncommon trap: reason=bimorphic action=maybe_recompile pc=0x00000213809035d0 method=java.util.regex.Matcher.match(II)Z @ 86
Event: 4.234 Thread 0x00000213f74d6800 Uncommon trap: reason=unstable_if action=reinterpret pc=0x0000021380834658 method=java.util.regex.ASCII.isType(II)Z @ 6
Event: 4.314 Thread 0x00000213f74d6800 Uncommon trap: reason=bimorphic action=maybe_recompile pc=0x00000213809035d0 method=java.util.regex.Matcher.match(II)Z @ 86
Event: 4.319 Thread 0x00000213f74d6800 Uncommon trap: reason=bimorphic action=maybe_recompile pc=0x00000213809035d0 method=java.util.regex.Matcher.match(II)Z @ 86

Classes redefined (0 events):
No events

Internal exceptions (10 events):
Event: 1.836 Thread 0x00000213f74d6800 Implicit null exception at 0x0000021380815308 to 0x0000021380815899
Event: 1.993 Thread 0x00000213f74d6800 Implicit null exception at 0x00000213803db155 to 0x00000213803db355
Event: 1.994 Thread 0x00000213f74d6800 Implicit null exception at 0x0000021380781c6f to 0x0000021380781cd9
Event: 2.579 Thread 0x00000213f74d6800 Exception <a 'java/lang/NoClassDefFoundError': org/sonatype/aether/graph/DependencyNode> (0x0000000770aaae40) thrown at [C:\jenkins\workspace\8-2-build-windows-amd64-cygwin\jdk8u271\605\hotspot\src\share\vm\classfile\systemDictionary.cpp, line 201]
Event: 2.586 Thread 0x00000213f74d6800 Implicit null exception at 0x0000021380a0cdd7 to 0x0000021380a0d209
Event: 2.612 Thread 0x00000213f74d6800 Exception <a 'java/lang/NoSuchFieldError': method resolution failed> (0x0000000770d164e8) thrown at [C:\jenkins\workspace\8-2-build-windows-amd64-cygwin\jdk8u271\605\hotspot\src\share\vm\prims\methodHandles.cpp, line 1169]
Event: 2.612 Thread 0x00000213f74d6800 Exception <a 'java/lang/NoSuchFieldError': method resolution failed> (0x0000000770d24818) thrown at [C:\jenkins\workspace\8-2-build-windows-amd64-cygwin\jdk8u271\605\hotspot\src\share\vm\prims\methodHandles.cpp, line 1169]
Event: 4.005 Thread 0x00000213f74d6800 Exception <a 'java/lang/ClassNotFoundException': com/sun/tools/javac/api/JavacTool> (0x000000076e0613f8) thrown at [C:\jenkins\workspace\8-2-build-windows-amd64-cygwin\jdk8u271\605\hotspot\src\share\vm\classfile\systemDictionary.cpp, line 212]
Event: 4.350 Thread 0x00000213f74d6800 Exception <a 'java/io/FileNotFoundException'> (0x000000076e59cac8) thrown at [C:\jenkins\workspace\8-2-build-windows-amd64-cygwin\jdk8u271\605\hotspot\src\share\vm\prims\jni.cpp, line 710]
Event: 4.353 Thread 0x00000213f74d6800 Exception <a 'java/io/FileNotFoundException'> (0x000000076e5f7198) thrown at [C:\jenkins\workspace\8-2-build-windows-amd64-cygwin\jdk8u271\605\hotspot\src\share\vm\prims\jni.cpp, line 710]

Events (10 events):
Event: 4.425 loading class com/sun/tools/javac/util/Pair
Event: 4.425 loading class com/sun/tools/javac/util/Pair done
Event: 4.425 loading class com/sun/tools/javac/jvm/ClassReader$AnnotationCompleter
Event: 4.425 loading class com/sun/tools/javac/jvm/ClassReader$AnnotationCompleter done
Event: 4.425 loading class com/sun/tools/javac/jvm/ClassReader$AnnotationDeproxy
Event: 4.425 loading class com/sun/tools/javac/jvm/ClassReader$AnnotationDeproxy done
Event: 4.425 loading class com/sun/tools/javac/jvm/ClassReader$ProxyVisitor
Event: 4.425 loading class com/sun/tools/javac/jvm/ClassReader$ProxyVisitor done
Event: 4.425 loading class com/sun/tools/javac/jvm/Code
Event: 4.425 loading class com/sun/tools/javac/jvm/Code done


Dynamic libraries:
0x00007ff793320000 - 0x00007ff793367000 	C:\Program Files\Java\jdk1.8.0_271\bin\java.exe
0x00007ffd10fb0000 - 0x00007ffd111a5000 	C:\Windows\SYSTEM32\ntdll.dll
0x00007ffd108f0000 - 0x00007ffd109ad000 	C:\Windows\System32\KERNEL32.DLL
0x00007ffd0eb70000 - 0x00007ffd0ee39000 	C:\Windows\System32\KERNELBASE.dll
0x00007ffd10840000 - 0x00007ffd108ec000 	C:\Windows\System32\ADVAPI32.dll
0x00007ffd0fab0000 - 0x00007ffd0fb4e000 	C:\Windows\System32\msvcrt.dll
0x00007ffd10dc0000 - 0x00007ffd10e5b000 	C:\Windows\System32\sechost.dll
0x00007ffd10470000 - 0x00007ffd1059a000 	C:\Windows\System32\RPCRT4.dll
0x00007ffd109b0000 - 0x00007ffd10b50000 	C:\Windows\System32\USER32.dll
0x00007ffd0e6e0000 - 0x00007ffd0e702000 	C:\Windows\System32\win32u.dll
0x00007ffd10e60000 - 0x00007ffd10e8a000 	C:\Windows\System32\GDI32.dll
0x00007ffd0eed0000 - 0x00007ffd0efdb000 	C:\Windows\System32\gdi32full.dll
0x00007ffd0e860000 - 0x00007ffd0e8fd000 	C:\Windows\System32\msvcp_win.dll
0x00007ffd0e710000 - 0x00007ffd0e810000 	C:\Windows\System32\ucrtbase.dll
0x00007ffcfb3a0000 - 0x00007ffcfb63a000 	C:\Windows\WinSxS\amd64_microsoft.windows.common-controls_6595b64144ccf1df_6.0.19041.1110_none_60b5254171f9507e\COMCTL32.dll
0x00007ffd0fa80000 - 0x00007ffd0fab0000 	C:\Windows\System32\IMM32.DLL
0x00007ffd08250000 - 0x00007ffd08265000 	C:\Program Files\Java\jdk1.8.0_271\jre\bin\vcruntime140.dll
0x00007ffd07f30000 - 0x00007ffd07fcb000 	C:\Program Files\Java\jdk1.8.0_271\jre\bin\msvcp140.dll
0x00000000726e0000 - 0x0000000072f4f000 	C:\Program Files\Java\jdk1.8.0_271\jre\bin\server\jvm.dll
0x00007ffd10ce0000 - 0x00007ffd10ce8000 	C:\Windows\System32\PSAPI.DLL
0x00007ffced8c0000 - 0x00007ffced8c9000 	C:\Windows\SYSTEM32\WSOCK32.dll
0x00007ffd0fb50000 - 0x00007ffd0fbbb000 	C:\Windows\System32\WS2_32.dll
0x00007ffd07530000 - 0x00007ffd0753a000 	C:\Windows\SYSTEM32\VERSION.dll
0x00007ffd05630000 - 0x00007ffd05657000 	C:\Windows\SYSTEM32\WINMM.dll
0x00007ffd0cfc0000 - 0x00007ffd0cfd2000 	C:\Windows\SYSTEM32\kernel.appcore.dll
0x00007ffd0b520000 - 0x00007ffd0b530000 	C:\Program Files\Java\jdk1.8.0_271\jre\bin\verify.dll
0x00007ffd08200000 - 0x00007ffd0822b000 	C:\Program Files\Java\jdk1.8.0_271\jre\bin\java.dll
0x00007ffced7e0000 - 0x00007ffced810000 	C:\Program Files\Java\jdk1.8.0_271\jre\bin\instrument.dll
0x00007ffd08020000 - 0x00007ffd08038000 	C:\Program Files\Java\jdk1.8.0_271\jre\bin\zip.dll
0x00007ffd0fbc0000 - 0x00007ffd102ff000 	C:\Windows\System32\SHELL32.dll
0x00007ffd0c500000 - 0x00007ffd0cc90000 	C:\Windows\SYSTEM32\windows.storage.dll
0x00007ffd0f5b0000 - 0x00007ffd0f905000 	C:\Windows\System32\combase.dll
0x00007ffd0e0d0000 - 0x00007ffd0e0fc000 	C:\Windows\SYSTEM32\Wldp.dll
0x00007ffd10cf0000 - 0x00007ffd10d9e000 	C:\Windows\System32\SHCORE.dll
0x00007ffd10c80000 - 0x00007ffd10cd5000 	C:\Windows\System32\shlwapi.dll
0x00007ffd0e620000 - 0x00007ffd0e63f000 	C:\Windows\SYSTEM32\profapi.dll
0x00007ffcdc260000 - 0x00007ffcdc27a000 	D:\soft\idea\IntelliJ IDEA 2020.3\bin\breakgen64.dll
0x00007ffd07f10000 - 0x00007ffd07f2c000 	C:\Program Files\Java\jdk1.8.0_271\jre\bin\net.dll
0x00007ffd0de30000 - 0x00007ffd0de9a000 	C:\Windows\system32\mswsock.dll
0x00007ffd0e030000 - 0x00007ffd0e048000 	C:\Windows\SYSTEM32\CRYPTSP.dll
0x00007ffd0d750000 - 0x00007ffd0d784000 	C:\Windows\system32\rsaenh.dll
0x00007ffd0efe0000 - 0x00007ffd0f007000 	C:\Windows\System32\bcrypt.dll
0x00007ffd0e5e0000 - 0x00007ffd0e60e000 	C:\Windows\SYSTEM32\USERENV.dll
0x00007ffd0ee40000 - 0x00007ffd0eec3000 	C:\Windows\System32\bcryptprimitives.dll
0x00007ffd0e020000 - 0x00007ffd0e02c000 	C:\Windows\SYSTEM32\CRYPTBASE.dll
0x00007ffd0dac0000 - 0x00007ffd0dafb000 	C:\Windows\SYSTEM32\IPHLPAPI.DLL
0x00007ffd10460000 - 0x00007ffd10468000 	C:\Windows\System32\NSI.dll
0x00007ffd05bd0000 - 0x00007ffd05be7000 	C:\Windows\SYSTEM32\dhcpcsvc6.DLL
0x00007ffd05bb0000 - 0x00007ffd05bcd000 	C:\Windows\SYSTEM32\dhcpcsvc.DLL
0x00007ffd0db00000 - 0x00007ffd0dbcc000 	C:\Windows\SYSTEM32\DNSAPI.dll
0x00007ffd071e0000 - 0x00007ffd071f3000 	C:\Program Files\Java\jdk1.8.0_271\jre\bin\nio.dll
0x00007ffced7d0000 - 0x00007ffced7da000 	C:\Users\zhengzuozhang\AppData\Local\Temp\jansi-1.17.1-1579876611629340513.dll
0x00007ffce64a0000 - 0x00007ffce64aa000 	C:\Users\zhengzuozhang\AppData\Local\Temp\jansi-1.17.1-2769870060038532352.dll
0x00007ffd0cd60000 - 0x00007ffd0cf44000 	C:\Windows\SYSTEM32\dbghelp.dll

VM Arguments:
jvm_args: -Dmaven.multiModuleProjectDirectory=D:\media -Dmaven.home=D:\soft\idea\IntelliJ IDEA 2020.3\plugins\maven\lib\maven3 -Dclassworlds.conf=D:\soft\idea\IntelliJ IDEA 2020.3\plugins\maven\lib\maven3\bin\m2.conf -Dmaven.ext.class.path=D:\soft\idea\IntelliJ IDEA 2020.3\plugins\maven\lib\maven-event-listener.jar -javaagent:D:\soft\idea\IntelliJ IDEA 2020.3\lib\idea_rt.jar=52591:D:\soft\idea\IntelliJ IDEA 2020.3\bin -Dfile.encoding=UTF-8 
java_command: org.codehaus.classworlds.Launcher -Didea.version=2020.3 -DskipTests=true install
java_class_path (initial): D:\soft\idea\IntelliJ IDEA 2020.3\plugins\maven\lib\maven3\boot\plexus-classworlds-2.6.0.jar;D:\soft\idea\IntelliJ IDEA 2020.3\plugins\maven\lib\maven3\boot\plexus-classworlds.license;D:\soft\idea\IntelliJ IDEA 2020.3\lib\idea_rt.jar
Launcher Type: SUN_STANDARD

Environment Variables:
JAVA_HOME=C:\Program Files\Java\jdk1.8.0_271
PATH=D:\soft\python\Python38\Scripts\;D:\soft\python\Python38\;C:\Program Files (x86)\NetSarang\Xftp 6\;D:\soft\VMware\VMware Workstation\bin\;D:\softlist\oracle\bin;C:\Python39\Scripts\;C:\Python39\;C:\Program Files (x86)\Common Files\Oracle\Java\javapath;C:\Windows\system32;C:\Windows;C:\Windows\System32\Wbem;C:\Windows\System32\WindowsPowerShell\v1.0\;C:\Windows\System32\OpenSSH\;D:\svn\bin;C:\Program Files (x86)\Calibre2\;D:\soft\apache-maven-3.6.3\bin;C:\Program Files\Java\jdk1.8.0_271\bin;D:\soft\Git\cmd;D:\soft\nodejs\;C:\ProgramData\chocolatey\bin;D:\soft\VisualSVN Server\bin;D:\soft\scala\bin;C:\Program Files (x86)\NetSarang\Xftp 7\;D:\soft\yarn\bin\;C:\Program Files\dotnet\;C:\Program Files (x86)\dotnet\;D:\soft\erl-24.3.3\bin;D:\soft\rocketmq\rocketmq-4.9.3\bin;C:\Users\zhengzuozhang\AppData\Local\Microsoft\WindowsApps;;D:\soft\idea\IntelliJ IDEA 2020.3\bin;;D:\soft\DataGrip 2020.3.1\bin;;D:\soft\vscode\Microsoft VS Code\bin;C:\Users\zhengzuozhang\AppData\Roaming\npm;C:\Users\zhengzuozhang\AppData\Local\Yarn\bin
USERNAME=zhengzuozhang
OS=Windows_NT
PROCESSOR_IDENTIFIER=AMD64 Family 23 Model 96 Stepping 1, AuthenticAMD



---------------  S Y S T E M  ---------------

OS: Windows 10.0 , 64 bit Build 19041 (10.0.19041.1151)

CPU:total 6 (initial active 6) (6 cores per cpu, 1 threads per core) family 23 model 96 stepping 1, cmov, cx8, fxsr, mmx, sse, sse2, sse3, ssse3, sse4.1, sse4.2, popcnt, avx, avx2, aes, clmul, mmxext, 3dnowpref, lzcnt, sse4a, tsc, tscinvbit, tscinv, bmi1

Memory: 4k page, physical 16117304k(742036k free), swap 31845940k(5232k free)

vm_info: Java HotSpot(TM) 64-Bit Server VM (25.271-b09) for windows-amd64 JRE (1.8.0_271-b09), built on Sep 16 2020 19:14:59 by "" with MS VC++ 15.9 (VS2017)

time: Mon May 23 16:35:24 2022
timezone: 中国标准时间
elapsed time: 4.452908 seconds (0d 0h 0m 4s)

